[2023-06-28 00:02:22] INFO root fetch - main [MainThread]: Get Changelog since Serial: [18669326]
[2023-06-28 00:02:27] INFO root fetch - main [MainThread]: Found 46 changed packages
[2023-06-28 00:02:27] INFO root fetch - processPackages [ThreadPoolExecutor-0_0]: Start processing: chia-blockchain
[2023-06-28 00:02:27] INFO root fetch - processPackages [ThreadPoolExecutor-0_1]: Start processing: pyintelx
[2023-06-28 00:02:27] INFO root fetch - processPackages [ThreadPoolExecutor-0_2]: Start processing: dank-mids
[2023-06-28 00:02:27] INFO root fetch - processPackages [ThreadPoolExecutor-0_3]: Start processing: hydroloader
[2023-06-28 00:02:27] INFO root fetch - processPackages [ThreadPoolExecutor-0_4]: Start processing: ss13-tools
[2023-06-28 00:02:27] INFO root fetch - processPackages [ThreadPoolExecutor-0_5]: Start processing: resbaz
[2023-06-28 00:02:27] INFO root fetch - processPackages [ThreadPoolExecutor-0_6]: Start processing: ScriptCollection
[2023-06-28 00:02:27] INFO root fetch - processPackages [ThreadPoolExecutor-0_7]: Start processing: pyinstaller-hooks-contrib
[2023-06-28 00:02:27] INFO root fetch - processPackages [ThreadPoolExecutor-0_8]: Start processing: Heterogeneous-Highway-Env
[2023-06-28 00:02:27] INFO root fetch - processPackages [ThreadPoolExecutor-0_9]: Start processing: django-restit
[2023-06-28 00:02:27] INFO root fetch - processPackages [hydroloader]: New version: [0.1.2] Old Version: [0.1.1]
[2023-06-28 00:02:27] INFO root fetch - processPackages [resbaz]: New version: [0.0.5] Old Version: [0.0.4]
[2023-06-28 00:02:27] INFO root fetch - processPackages [chia-blockchain]: New version: [2.0.0b3] Old Version: [2.0.0b1]
[2023-06-28 00:02:27] INFO root fetch - processPackages [dank-mids]: New version: [4.20.9] Old Version: [4.20.8]
[2023-06-28 00:02:27] INFO root fetch - processPackages [django-restit]: New version: [4.0.6] Old Version: [4.0.5]
[2023-06-28 00:02:27] WARNING root fetch - processPackages [Heterogeneous-Highway-Env]: Skipping, unable to determine old version
[2023-06-28 00:02:27] INFO root fetch - processPackages [Heterogeneous-Highway-Env]: Start processing: flytekit
[2023-06-28 00:02:27] INFO root fetch - main [MainThread]: End processing [Heterogeneous-Highway-Env] error
[2023-06-28 00:02:27] INFO root fetch - processPackages [pyinstaller-hooks-contrib]: New version: [2023.3] Old Version: [2023.2]
[2023-06-28 00:02:28] INFO root fetch - processPackages [chia-blockchain]: Downloading https://files.pythonhosted.org/packages/d1/c2/1fcb2bec77900e0480d4f8f6611c989bdb4189071c4efd55832737a03a70/chia-blockchain-2.0.0b1.tar.gz
[2023-06-28 00:02:28] INFO root fetch - processPackages [hydroloader]: Downloading https://files.pythonhosted.org/packages/6b/6b/9cf8121070c5f70a958bd6fc63f9b8d88e6742b8a144266d94e936293715/hydroloader-0.1.1.tar.gz
[2023-06-28 00:02:28] INFO root fetch - processPackages [dank-mids]: Downloading https://files.pythonhosted.org/packages/dd/d9/a90cdebb46db5a35fe035f493b14d48e210491b568f4927af7919ab2fdbd/dank_mids-4.20.8.tar.gz
[2023-06-28 00:02:28] INFO root fetch - processPackages [ss13-tools]: New version: [2.3.1] Old Version: [2.3.0]
[2023-06-28 00:02:28] INFO root fetch - processPackages [django-restit]: Downloading https://files.pythonhosted.org/packages/28/dc/2cad387b88acca73b74cc56b5c4d3f7830b20ace7e342d9fc576ed5d0165/django_restit-4.0.5.tar.gz
[2023-06-28 00:02:28] INFO root fetch - processPackages [pyinstaller-hooks-contrib]: Downloading https://files.pythonhosted.org/packages/67/22/2f49f4693bc7db9f2ee7a05a3c04f255b3db4251a0f1ff003b8ab9f87ff4/pyinstaller-hooks-contrib-2023.2.tar.gz
[2023-06-28 00:02:28] INFO root fetch - processPackages [pyintelx]: New version: [0.1.3] Old Version: [0.1.2]
[2023-06-28 00:02:28] INFO root fetch - processPackages [ScriptCollection]: New version: [3.4.0] Old Version: [3.3.97]
[2023-06-28 00:02:28] INFO root fetch - processPackages [flytekit]: New version: [1.7.1b1] Old Version: [1.7.1b0]
[2023-06-28 00:02:28] INFO root fetch - processPackages [resbaz]: Downloading https://files.pythonhosted.org/packages/98/f4/141883c1d2d5ff72b35e0b8de657802f8715281bfa3da53bfc91fbd2e483/resbaz-0.0.4.tar.gz
[2023-06-28 00:02:28] INFO root fetch - processPackages [hydroloader]: Downloading https://files.pythonhosted.org/packages/64/c1/a237d0b2c46277020804832b0cc5e9313a278004bac8ad5cdb88d4a78e63/hydroloader-0.1.2.tar.gz
[2023-06-28 00:02:28] INFO root fetch - processPackages [pyintelx]: Downloading https://files.pythonhosted.org/packages/2b/85/dc8775054c476a258915ca6266aba2e0ed8a04489cd680758901d8e927eb/pyintelx-0.1.2.tar.gz
[2023-06-28 00:02:28] INFO root fetch - processPackages [ss13-tools]: Downloading https://files.pythonhosted.org/packages/75/99/c6d073821472e147b521e33a4e3a03625ffd8c0fc26eea69f22e4c50c4ce/ss13_tools-2.3.0.tar.gz
[2023-06-28 00:02:28] INFO root fetch - processPackages [dank-mids]: Downloading https://files.pythonhosted.org/packages/e9/d0/a0c6c8d2d154a0250f47b30968e60098b0d44d3b35571e97a925b9b3984f/dank_mids-4.20.9.tar.gz
[2023-06-28 00:02:28] INFO root fetch - processPackages [ScriptCollection]: Downloading https://files.pythonhosted.org/packages/47/6c/864967f4193a13846c62332d3d5b37c940eac23bb120dca032302feb2967/ScriptCollection-3.3.97-py3-none-any.whl
[2023-06-28 00:02:28] INFO root fetch - processPackages [django-restit]: Downloading https://files.pythonhosted.org/packages/ff/4e/1f86f16638768d0a0f457d26a798b9180101db8242e806058344e47f3c12/django_restit-4.0.6.tar.gz
[2023-06-28 00:02:28] INFO root fetch - processPackages [hydroloader]: executing diffoscope
[2023-06-28 00:02:28] INFO root fetch - processPackages [hydroloader]: podman run --user 0:0 --rm -w /home/abi/fetcher -v /home/abi/fetcher/tmp:/home/abi/fetcher/tmp:ro -v /home/abi/fetcher/20230628:/home/abi/fetcher/20230628:rw registry.salsa.debian.org/reproducible-builds/diffoscope --no-progress tmp/hydroloader-0.1.1.tar.gz tmp/hydroloader-0.1.2.tar.gz --markdown 20230628/h/hydroloader/0.1.1-0.1.2/diff.md --exclude *.pyd
[2023-06-28 00:02:28] INFO root fetch - processPackages [chia-blockchain]: Downloading https://files.pythonhosted.org/packages/f7/ae/9fa5c132791d0ffd9b9a7f3f04a8d1699668d4f32451beece56e68428ad6/chia-blockchain-2.0.0b3.tar.gz
[2023-06-28 00:02:28] INFO root fetch - processPackages [dank-mids]: executing diffoscope
[2023-06-28 00:02:28] INFO root fetch - processPackages [dank-mids]: podman run --user 0:0 --rm -w /home/abi/fetcher -v /home/abi/fetcher/tmp:/home/abi/fetcher/tmp:ro -v /home/abi/fetcher/20230628:/home/abi/fetcher/20230628:rw registry.salsa.debian.org/reproducible-builds/diffoscope --no-progress tmp/dank_mids-4.20.8.tar.gz tmp/dank_mids-4.20.9.tar.gz --markdown 20230628/d/dank-mids/4.20.8-4.20.9/diff.md --exclude *.pyd
[2023-06-28 00:02:28] INFO root fetch - processPackages [pyinstaller-hooks-contrib]: Downloading https://files.pythonhosted.org/packages/2b/12/4a8ccd4d5b9aa317854f5070ba0df2e269b6ceb30efd7acf13dd887d4c0b/pyinstaller-hooks-contrib-2023.3.tar.gz
[2023-06-28 00:02:28] INFO root fetch - processPackages [flytekit]: Downloading https://files.pythonhosted.org/packages/5c/f0/e3cccb8fb32ae1c4f2283079e5ad0d6e115f268de5f25a3623c4f8bf3d40/flytekit-1.7.1b0.tar.gz
[2023-06-28 00:02:28] INFO root fetch - processPackages [resbaz]: Downloading https://files.pythonhosted.org/packages/c8/a1/0820d1985fdd4385c7afdbde86cce1d84129517a16f7695356092e1da0a1/resbaz-0.0.5.tar.gz
[2023-06-28 00:02:28] INFO root fetch - processPackages [pyintelx]: Downloading https://files.pythonhosted.org/packages/c0/15/06a7ac3e322632f596d1534f8871f415549def5f9b012213ad9bd4080ae8/pyintelx-0.1.3.tar.gz
[2023-06-28 00:02:28] INFO root fetch - processPackages [django-restit]: executing diffoscope
[2023-06-28 00:02:28] INFO root fetch - processPackages [django-restit]: podman run --user 0:0 --rm -w /home/abi/fetcher -v /home/abi/fetcher/tmp:/home/abi/fetcher/tmp:ro -v /home/abi/fetcher/20230628:/home/abi/fetcher/20230628:rw registry.salsa.debian.org/reproducible-builds/diffoscope --no-progress tmp/django_restit-4.0.5.tar.gz tmp/django_restit-4.0.6.tar.gz --markdown 20230628/d/django-restit/4.0.5-4.0.6/diff.md --exclude *.pyd
[2023-06-28 00:02:28] INFO root fetch - processPackages [pyinstaller-hooks-contrib]: executing diffoscope
[2023-06-28 00:02:28] INFO root fetch - processPackages [chia-blockchain]: executing diffoscope
[2023-06-28 00:02:28] INFO root fetch - processPackages [chia-blockchain]: podman run --user 0:0 --rm -w /home/abi/fetcher -v /home/abi/fetcher/tmp:/home/abi/fetcher/tmp:ro -v /home/abi/fetcher/20230628:/home/abi/fetcher/20230628:rw registry.salsa.debian.org/reproducible-builds/diffoscope --no-progress tmp/chia-blockchain-2.0.0b1.tar.gz tmp/chia-blockchain-2.0.0b3.tar.gz --markdown 20230628/c/chia-blockchain/2.0.0b1-2.0.0b3/diff.md --exclude *.pyd
[2023-06-28 00:02:28] INFO root fetch - processPackages [pyinstaller-hooks-contrib]: podman run --user 0:0 --rm -w /home/abi/fetcher -v /home/abi/fetcher/tmp:/home/abi/fetcher/tmp:ro -v /home/abi/fetcher/20230628:/home/abi/fetcher/20230628:rw registry.salsa.debian.org/reproducible-builds/diffoscope --no-progress tmp/pyinstaller-hooks-contrib-2023.2.tar.gz tmp/pyinstaller-hooks-contrib-2023.3.tar.gz --markdown 20230628/p/pyinstaller-hooks-contrib/2023.2-2023.3/diff.md --exclude *.pyd
[2023-06-28 00:02:28] INFO root fetch - processPackages [ss13-tools]: Downloading https://files.pythonhosted.org/packages/35/7c/8b1e26f617d61bcdfb1cf50c0908e9f4c397259d5decb235d3272a829e3f/ss13_tools-2.3.1.tar.gz
[2023-06-28 00:02:28] INFO root fetch - processPackages [resbaz]: executing diffoscope
[2023-06-28 00:02:28] INFO root fetch - processPackages [resbaz]: podman run --user 0:0 --rm -w /home/abi/fetcher -v /home/abi/fetcher/tmp:/home/abi/fetcher/tmp:ro -v /home/abi/fetcher/20230628:/home/abi/fetcher/20230628:rw registry.salsa.debian.org/reproducible-builds/diffoscope --no-progress tmp/resbaz-0.0.4.tar.gz tmp/resbaz-0.0.5.tar.gz --markdown 20230628/r/resbaz/0.0.4-0.0.5/diff.md --exclude *.pyd
[2023-06-28 00:02:28] INFO root fetch - processPackages [ScriptCollection]: Downloading https://files.pythonhosted.org/packages/8a/57/5d1f89556922457322a3cbd47e93b6ab43d77defe0b128a54047a384fd1d/ScriptCollection-3.4.0-py3-none-any.whl
[2023-06-28 00:02:28] INFO root fetch - processPackages [pyintelx]: executing diffoscope
[2023-06-28 00:02:28] INFO root fetch - processPackages [pyintelx]: podman run --user 0:0 --rm -w /home/abi/fetcher -v /home/abi/fetcher/tmp:/home/abi/fetcher/tmp:ro -v /home/abi/fetcher/20230628:/home/abi/fetcher/20230628:rw registry.salsa.debian.org/reproducible-builds/diffoscope --no-progress tmp/pyintelx-0.1.2.tar.gz tmp/pyintelx-0.1.3.tar.gz --markdown 20230628/p/pyintelx/0.1.2-0.1.3/diff.md --exclude *.pyd
[2023-06-28 00:02:28] INFO root fetch - processPackages [ss13-tools]: executing diffoscope
[2023-06-28 00:02:28] INFO root fetch - processPackages [ss13-tools]: podman run --user 0:0 --rm -w /home/abi/fetcher -v /home/abi/fetcher/tmp:/home/abi/fetcher/tmp:ro -v /home/abi/fetcher/20230628:/home/abi/fetcher/20230628:rw registry.salsa.debian.org/reproducible-builds/diffoscope --no-progress tmp/ss13_tools-2.3.0.tar.gz tmp/ss13_tools-2.3.1.tar.gz --markdown 20230628/s/ss13-tools/2.3.0-2.3.1/diff.md --exclude *.pyd
[2023-06-28 00:02:28] INFO root fetch - processPackages [ScriptCollection]: executing diffoscope
[2023-06-28 00:02:28] INFO root fetch - processPackages [ScriptCollection]: podman run --user 0:0 --rm -w /home/abi/fetcher -v /home/abi/fetcher/tmp:/home/abi/fetcher/tmp:ro -v /home/abi/fetcher/20230628:/home/abi/fetcher/20230628:rw registry.salsa.debian.org/reproducible-builds/diffoscope --no-progress tmp/ScriptCollection-3.3.97-py3-none-any.whl.zip tmp/ScriptCollection-3.4.0-py3-none-any.whl.zip --markdown 20230628/S/ScriptCollection/3.3.97-3.4.0/diff.md --exclude *.pyd
[2023-06-28 00:02:29] INFO root fetch - processPackages [flytekit]: Downloading https://files.pythonhosted.org/packages/0d/aa/caa1a56b9318473741354424ff3e9b323cc07e925c80878b9554cc4bdfec/flytekit-1.7.1b1.tar.gz
[2023-06-28 00:02:29] INFO root fetch - processPackages [flytekit]: executing diffoscope
[2023-06-28 00:02:29] INFO root fetch - processPackages [flytekit]: podman run --user 0:0 --rm -w /home/abi/fetcher -v /home/abi/fetcher/tmp:/home/abi/fetcher/tmp:ro -v /home/abi/fetcher/20230628:/home/abi/fetcher/20230628:rw registry.salsa.debian.org/reproducible-builds/diffoscope --no-progress tmp/flytekit-1.7.1b0.tar.gz tmp/flytekit-1.7.1b1.tar.gz --markdown 20230628/f/flytekit/1.7.1b0-1.7.1b1/diff.md --exclude *.pyd
[2023-06-28 00:02:31] INFO root fetch - processPackages [pyintelx]: Remove: archive file [/home/abi/fetcher/tmp/pyintelx-0.1.2.tar.gz]
[2023-06-28 00:02:31] INFO root fetch - processPackages [pyintelx]: Remove: archive file [/home/abi/fetcher/tmp/pyintelx-0.1.3.tar.gz]
[2023-06-28 00:02:31] INFO root fetch - processPackages [pyintelx]: Start processing: flytekitplugins-athena
[2023-06-28 00:02:31] INFO root fetch - main [MainThread]: End processing [pyintelx]: success
[2023-06-28 00:02:31] INFO root fetch - processPackages [hydroloader]: Remove: archive file [/home/abi/fetcher/tmp/hydroloader-0.1.1.tar.gz]
[2023-06-28 00:02:31] INFO root fetch - processPackages [hydroloader]: Remove: archive file [/home/abi/fetcher/tmp/hydroloader-0.1.2.tar.gz]
[2023-06-28 00:02:31] INFO root fetch - processPackages [hydroloader]: Start processing: flytekitplugins-awsbatch
[2023-06-28 00:02:31] INFO root fetch - main [MainThread]: End processing [hydroloader]: success
[2023-06-28 00:02:31] INFO root fetch - processPackages [flytekitplugins-athena]: New version: [1.7.1b1] Old Version: [1.7.1b0]
[2023-06-28 00:02:31] INFO root fetch - processPackages [dank-mids]: Remove: archive file [/home/abi/fetcher/tmp/dank_mids-4.20.8.tar.gz]
[2023-06-28 00:02:31] INFO root fetch - processPackages [dank-mids]: Remove: archive file [/home/abi/fetcher/tmp/dank_mids-4.20.9.tar.gz]
[2023-06-28 00:02:31] INFO root fetch - processPackages [dank-mids]: Start processing: flytekitplugins-awssagemaker
[2023-06-28 00:02:31] INFO root fetch - main [MainThread]: End processing [dank-mids]: success
[2023-06-28 00:02:31] INFO root fetch - processPackages [resbaz]: Remove: archive file [/home/abi/fetcher/tmp/resbaz-0.0.4.tar.gz]
[2023-06-28 00:02:31] INFO root fetch - processPackages [resbaz]: Remove: archive file [/home/abi/fetcher/tmp/resbaz-0.0.5.tar.gz]
[2023-06-28 00:02:31] INFO root fetch - processPackages [resbaz]: Start processing: magma-lang
[2023-06-28 00:02:31] INFO root fetch - main [MainThread]: End processing [resbaz]: success
[2023-06-28 00:02:31] INFO root fetch - processPackages [ss13-tools]: Remove: archive file [/home/abi/fetcher/tmp/ss13_tools-2.3.0.tar.gz]
[2023-06-28 00:02:31] INFO root fetch - processPackages [ss13-tools]: Remove: archive file [/home/abi/fetcher/tmp/ss13_tools-2.3.1.tar.gz]
[2023-06-28 00:02:31] INFO root fetch - processPackages [ss13-tools]: Start processing: flytekitplugins-bigquery
[2023-06-28 00:02:31] INFO root fetch - main [MainThread]: End processing [ss13-tools]: success
[2023-06-28 00:02:31] INFO root fetch - processPackages [ScriptCollection]: Remove: archive file [/home/abi/fetcher/tmp/ScriptCollection-3.3.97-py3-none-any.whl.zip]
[2023-06-28 00:02:31] INFO root fetch - processPackages [ScriptCollection]: Remove: archive file [/home/abi/fetcher/tmp/ScriptCollection-3.4.0-py3-none-any.whl.zip]
[2023-06-28 00:02:31] INFO root fetch - processPackages [ScriptCollection]: Start processing: flytekitplugins-dask
[2023-06-28 00:02:31] INFO root fetch - main [MainThread]: End processing [ScriptCollection]: success
[2023-06-28 00:02:31] INFO root fetch - processPackages [magma-lang]: New version: [2.2.9] Old Version: [2.2.8]
[2023-06-28 00:02:31] INFO root fetch - processPackages [flytekitplugins-awssagemaker]: New version: [1.7.1b1] Old Version: [1.7.1b0]
[2023-06-28 00:02:31] INFO root fetch - processPackages [flytekitplugins-bigquery]: New version: [1.7.1b1] Old Version: [1.7.1b0]
[2023-06-28 00:02:31] INFO root fetch - processPackages [flytekitplugins-athena]: Downloading https://files.pythonhosted.org/packages/45/2e/4100e8ec7128c7a017782d0a71dc03c31f464153e33cf21a3c685d3613df/flytekitplugins-athena-1.7.1b0.tar.gz
[2023-06-28 00:02:31] INFO root fetch - processPackages [flytekitplugins-dask]: New version: [1.7.1b1] Old Version: [1.7.1b0]
[2023-06-28 00:02:31] INFO root fetch - processPackages [flytekitplugins-awsbatch]: New version: [1.7.1b1] Old Version: [1.7.1b0]
[2023-06-28 00:02:31] INFO root fetch - processPackages [flytekitplugins-awssagemaker]: Downloading https://files.pythonhosted.org/packages/6d/d4/41b8c0291dc2cf5f8ad08770c7eb6e24f5c22f6a9e6e533c4c0433b1dfc1/flytekitplugins-awssagemaker-1.7.1b0.tar.gz
[2023-06-28 00:02:31] INFO root fetch - processPackages [magma-lang]: Downloading https://files.pythonhosted.org/packages/80/b6/402e1769d0bbf18bfb59034fa35e641f916d1efa54902d4a485c70b9597c/magma-lang-2.2.8.tar.gz
[2023-06-28 00:02:31] INFO root fetch - processPackages [flytekitplugins-bigquery]: Downloading https://files.pythonhosted.org/packages/e0/8c/a52b8ac92d45b8d3296dda635a3bc4cce14fa8b3fe532f5beebe59413153/flytekitplugins-bigquery-1.7.1b0.tar.gz
[2023-06-28 00:02:31] INFO root fetch - processPackages [flytekitplugins-athena]: Downloading https://files.pythonhosted.org/packages/3f/06/b47929f59265710207addf594b6c9d6d9c98bc4cdaa2d004586034b639c0/flytekitplugins-athena-1.7.1b1.tar.gz
[2023-06-28 00:02:31] INFO root fetch - processPackages [flytekitplugins-dask]: Downloading https://files.pythonhosted.org/packages/6b/62/b7fa6f4cd913d756a133914cc305b37dd4cb4fd1c39a461761011ef57c14/flytekitplugins-dask-1.7.1b0.tar.gz
[2023-06-28 00:02:31] INFO root fetch - processPackages [flytekitplugins-awsbatch]: Downloading https://files.pythonhosted.org/packages/49/94/e90e77f3aedc07df4b976f55860b705250aa66fac928f25548f202e00c60/flytekitplugins-awsbatch-1.7.1b0.tar.gz
[2023-06-28 00:02:31] INFO root fetch - processPackages [flytekitplugins-athena]: executing diffoscope
[2023-06-28 00:02:31] INFO root fetch - processPackages [flytekitplugins-athena]: podman run --user 0:0 --rm -w /home/abi/fetcher -v /home/abi/fetcher/tmp:/home/abi/fetcher/tmp:ro -v /home/abi/fetcher/20230628:/home/abi/fetcher/20230628:rw registry.salsa.debian.org/reproducible-builds/diffoscope --no-progress tmp/flytekitplugins-athena-1.7.1b0.tar.gz tmp/flytekitplugins-athena-1.7.1b1.tar.gz --markdown 20230628/f/flytekitplugins-athena/1.7.1b0-1.7.1b1/diff.md --exclude *.pyd
[2023-06-28 00:02:31] INFO root fetch - processPackages [flytekitplugins-awssagemaker]: Downloading https://files.pythonhosted.org/packages/9b/e7/d0b7a500a6fcb8fe120bf0603c0808213f488d341cdc3f2f2861bca75d0b/flytekitplugins-awssagemaker-1.7.1b1.tar.gz
[2023-06-28 00:02:31] INFO root fetch - processPackages [magma-lang]: Downloading https://files.pythonhosted.org/packages/67/f3/12e376dadd8792da850bdfd69511a45ddef81fd4b980e82c213e6a824841/magma-lang-2.2.9.tar.gz
[2023-06-28 00:02:32] INFO root fetch - processPackages [flytekitplugins-dask]: Downloading https://files.pythonhosted.org/packages/02/09/f7e6dee9758277506b64ccbe0953f7b09129e25674acdaed631e2eef2b24/flytekitplugins-dask-1.7.1b1.tar.gz
[2023-06-28 00:02:32] INFO root fetch - processPackages [flytekitplugins-awsbatch]: Downloading https://files.pythonhosted.org/packages/7c/20/fb47523e418ccc0bca51ac0706ef27227a83da7c560a12a3360135c916f7/flytekitplugins-awsbatch-1.7.1b1.tar.gz
[2023-06-28 00:02:32] INFO root fetch - processPackages [flytekitplugins-bigquery]: Downloading https://files.pythonhosted.org/packages/41/17/f0051cf8ad0c8dbb0ff1473ea3487b04060161fdd14b084b43cd55133a9b/flytekitplugins-bigquery-1.7.1b1.tar.gz
[2023-06-28 00:02:32] INFO root fetch - processPackages [flytekitplugins-awssagemaker]: executing diffoscope
[2023-06-28 00:02:32] INFO root fetch - processPackages [flytekitplugins-awssagemaker]: podman run --user 0:0 --rm -w /home/abi/fetcher -v /home/abi/fetcher/tmp:/home/abi/fetcher/tmp:ro -v /home/abi/fetcher/20230628:/home/abi/fetcher/20230628:rw registry.salsa.debian.org/reproducible-builds/diffoscope --no-progress tmp/flytekitplugins-awssagemaker-1.7.1b0.tar.gz tmp/flytekitplugins-awssagemaker-1.7.1b1.tar.gz --markdown 20230628/f/flytekitplugins-awssagemaker/1.7.1b0-1.7.1b1/diff.md --exclude *.pyd
[2023-06-28 00:02:32] INFO root fetch - processPackages [magma-lang]: executing diffoscope
[2023-06-28 00:02:32] INFO root fetch - processPackages [magma-lang]: podman run --user 0:0 --rm -w /home/abi/fetcher -v /home/abi/fetcher/tmp:/home/abi/fetcher/tmp:ro -v /home/abi/fetcher/20230628:/home/abi/fetcher/20230628:rw registry.salsa.debian.org/reproducible-builds/diffoscope --no-progress tmp/magma-lang-2.2.8.tar.gz tmp/magma-lang-2.2.9.tar.gz --markdown 20230628/m/magma-lang/2.2.8-2.2.9/diff.md --exclude *.pyd
[2023-06-28 00:02:32] INFO root fetch - processPackages [flytekitplugins-awsbatch]: executing diffoscope
[2023-06-28 00:02:32] INFO root fetch - processPackages [flytekitplugins-awsbatch]: podman run --user 0:0 --rm -w /home/abi/fetcher -v /home/abi/fetcher/tmp:/home/abi/fetcher/tmp:ro -v /home/abi/fetcher/20230628:/home/abi/fetcher/20230628:rw registry.salsa.debian.org/reproducible-builds/diffoscope --no-progress tmp/flytekitplugins-awsbatch-1.7.1b0.tar.gz tmp/flytekitplugins-awsbatch-1.7.1b1.tar.gz --markdown 20230628/f/flytekitplugins-awsbatch/1.7.1b0-1.7.1b1/diff.md --exclude *.pyd
[2023-06-28 00:02:32] INFO root fetch - processPackages [flytekitplugins-bigquery]: executing diffoscope
[2023-06-28 00:02:32] INFO root fetch - processPackages [flytekitplugins-bigquery]: podman run --user 0:0 --rm -w /home/abi/fetcher -v /home/abi/fetcher/tmp:/home/abi/fetcher/tmp:ro -v /home/abi/fetcher/20230628:/home/abi/fetcher/20230628:rw registry.salsa.debian.org/reproducible-builds/diffoscope --no-progress tmp/flytekitplugins-bigquery-1.7.1b0.tar.gz tmp/flytekitplugins-bigquery-1.7.1b1.tar.gz --markdown 20230628/f/flytekitplugins-bigquery/1.7.1b0-1.7.1b1/diff.md --exclude *.pyd
[2023-06-28 00:02:32] INFO root fetch - processPackages [flytekitplugins-dask]: executing diffoscope
[2023-06-28 00:02:32] INFO root fetch - processPackages [flytekitplugins-dask]: podman run --user 0:0 --rm -w /home/abi/fetcher -v /home/abi/fetcher/tmp:/home/abi/fetcher/tmp:ro -v /home/abi/fetcher/20230628:/home/abi/fetcher/20230628:rw registry.salsa.debian.org/reproducible-builds/diffoscope --no-progress tmp/flytekitplugins-dask-1.7.1b0.tar.gz tmp/flytekitplugins-dask-1.7.1b1.tar.gz --markdown 20230628/f/flytekitplugins-dask/1.7.1b0-1.7.1b1/diff.md --exclude *.pyd
[2023-06-28 00:02:33] INFO root fetch - processPackages [flytekitplugins-athena]: Remove: archive file [/home/abi/fetcher/tmp/flytekitplugins-athena-1.7.1b0.tar.gz]
[2023-06-28 00:02:33] INFO root fetch - processPackages [flytekitplugins-athena]: Remove: archive file [/home/abi/fetcher/tmp/flytekitplugins-athena-1.7.1b1.tar.gz]
[2023-06-28 00:02:33] INFO root fetch - processPackages [flytekitplugins-athena]: Start processing: flytekitplugins-data-fsspec
[2023-06-28 00:02:33] INFO root fetch - main [MainThread]: End processing [flytekitplugins-athena]: success
[2023-06-28 00:02:33] INFO root fetch - processPackages [flytekit]: Remove: archive file [/home/abi/fetcher/tmp/flytekit-1.7.1b0.tar.gz]
[2023-06-28 00:02:33] INFO root fetch - processPackages [flytekit]: Remove: archive file [/home/abi/fetcher/tmp/flytekit-1.7.1b1.tar.gz]
[2023-06-28 00:02:33] INFO root fetch - processPackages [flytekit]: Start processing: flytekitplugins-dbt
[2023-06-28 00:02:33] INFO root fetch - main [MainThread]: End processing [flytekit]: success
[2023-06-28 00:02:33] INFO root fetch - processPackages [flytekitplugins-data-fsspec]: New version: [1.7.1b1] Old Version: [1.7.1b0]
[2023-06-28 00:02:33] INFO root fetch - processPackages [flytekitplugins-dbt]: New version: [1.7.1b1] Old Version: [1.7.1b0]
[2023-06-28 00:02:34] INFO root fetch - processPackages [flytekitplugins-data-fsspec]: Downloading https://files.pythonhosted.org/packages/31/aa/bc2f0c09c99b728ff5897c116b87b723891fc7f86984da49d0a55e6bc4dd/flytekitplugins-data-fsspec-1.7.1b0.tar.gz
[2023-06-28 00:02:34] INFO root fetch - processPackages [flytekitplugins-dbt]: Downloading https://files.pythonhosted.org/packages/77/72/6e6ed05b41ed092c882126d6fbc1b593563e9dfa76ca1ef5a84e0480bd3b/flytekitplugins-dbt-1.7.1b0.tar.gz
[2023-06-28 00:02:34] INFO root fetch - processPackages [flytekitplugins-awsbatch]: Remove: archive file [/home/abi/fetcher/tmp/flytekitplugins-awsbatch-1.7.1b0.tar.gz]
[2023-06-28 00:02:34] INFO root fetch - processPackages [flytekitplugins-awsbatch]: Remove: archive file [/home/abi/fetcher/tmp/flytekitplugins-awsbatch-1.7.1b1.tar.gz]
[2023-06-28 00:02:34] INFO root fetch - processPackages [flytekitplugins-awsbatch]: Start processing: hspylib-cfman
[2023-06-28 00:02:34] INFO root fetch - main [MainThread]: End processing [flytekitplugins-awsbatch]: success
[2023-06-28 00:02:34] INFO root fetch - processPackages [hspylib-cfman]: New version: [0.9.91] Old Version: [0.9.90]
[2023-06-28 00:02:34] INFO root fetch - processPackages [flytekitplugins-bigquery]: Remove: archive file [/home/abi/fetcher/tmp/flytekitplugins-bigquery-1.7.1b0.tar.gz]
[2023-06-28 00:02:34] INFO root fetch - processPackages [flytekitplugins-bigquery]: Remove: archive file [/home/abi/fetcher/tmp/flytekitplugins-bigquery-1.7.1b1.tar.gz]
[2023-06-28 00:02:34] INFO root fetch - processPackages [flytekitplugins-bigquery]: Start processing: flytekitplugins-deck-standard
[2023-06-28 00:02:34] INFO root fetch - main [MainThread]: End processing [flytekitplugins-bigquery]: success
[2023-06-28 00:02:34] INFO root fetch - processPackages [flytekitplugins-data-fsspec]: Downloading https://files.pythonhosted.org/packages/57/9e/01aedee439087e1a65ead6cddb8442d3b3c8189ede3371d8b93dc185a2d7/flytekitplugins-data-fsspec-1.7.1b1.tar.gz
[2023-06-28 00:02:34] INFO root fetch - processPackages [flytekitplugins-dbt]: Downloading https://files.pythonhosted.org/packages/66/6e/41e24981fc26ec85b9e8dee4fca41db3ca513cb6a42f7bb35297cc544f13/flytekitplugins-dbt-1.7.1b1.tar.gz
[2023-06-28 00:02:34] INFO root fetch - processPackages [flytekitplugins-dask]: Remove: archive file [/home/abi/fetcher/tmp/flytekitplugins-dask-1.7.1b0.tar.gz]
[2023-06-28 00:02:34] INFO root fetch - processPackages [flytekitplugins-dask]: Remove: archive file [/home/abi/fetcher/tmp/flytekitplugins-dask-1.7.1b1.tar.gz]
[2023-06-28 00:02:34] INFO root fetch - processPackages [flytekitplugins-dask]: Start processing: flytekitplugins-dolt
[2023-06-28 00:02:34] INFO root fetch - main [MainThread]: End processing [flytekitplugins-dask]: success
[2023-06-28 00:02:34] INFO root fetch - processPackages [flytekitplugins-awssagemaker]: Remove: archive file [/home/abi/fetcher/tmp/flytekitplugins-awssagemaker-1.7.1b0.tar.gz]
[2023-06-28 00:02:34] INFO root fetch - processPackages [flytekitplugins-awssagemaker]: Remove: archive file [/home/abi/fetcher/tmp/flytekitplugins-awssagemaker-1.7.1b1.tar.gz]
[2023-06-28 00:02:34] INFO root fetch - processPackages [flytekitplugins-awssagemaker]: Start processing: flytekitplugins-duckdb
[2023-06-28 00:02:34] INFO root fetch - main [MainThread]: End processing [flytekitplugins-awssagemaker]: success
[2023-06-28 00:02:34] INFO root fetch - processPackages [flytekitplugins-deck-standard]: New version: [1.7.1b1] Old Version: [1.7.1b0]
[2023-06-28 00:02:34] INFO root fetch - processPackages [hspylib-cfman]: Downloading https://files.pythonhosted.org/packages/df/22/0dfc767432c2fe1d94c7b69854dbaa07ac132674b4cd1dad92e1a1d3c9e0/hspylib-cfman-0.9.90.tar.gz
[2023-06-28 00:02:34] INFO root fetch - processPackages [flytekitplugins-dolt]: New version: [1.7.1b1] Old Version: [1.7.1b0]
[2023-06-28 00:02:34] INFO root fetch - processPackages [flytekitplugins-duckdb]: New version: [1.7.1b1] Old Version: [1.7.1b0]
[2023-06-28 00:02:34] INFO root fetch - processPackages [flytekitplugins-data-fsspec]: executing diffoscope
[2023-06-28 00:02:34] INFO root fetch - processPackages [flytekitplugins-data-fsspec]: podman run --user 0:0 --rm -w /home/abi/fetcher -v /home/abi/fetcher/tmp:/home/abi/fetcher/tmp:ro -v /home/abi/fetcher/20230628:/home/abi/fetcher/20230628:rw registry.salsa.debian.org/reproducible-builds/diffoscope --no-progress tmp/flytekitplugins-data-fsspec-1.7.1b0.tar.gz tmp/flytekitplugins-data-fsspec-1.7.1b1.tar.gz --markdown 20230628/f/flytekitplugins-data-fsspec/1.7.1b0-1.7.1b1/diff.md --exclude *.pyd
[2023-06-28 00:02:34] INFO root fetch - processPackages [flytekitplugins-dbt]: executing diffoscope
[2023-06-28 00:02:34] INFO root fetch - processPackages [flytekitplugins-dbt]: podman run --user 0:0 --rm -w /home/abi/fetcher -v /home/abi/fetcher/tmp:/home/abi/fetcher/tmp:ro -v /home/abi/fetcher/20230628:/home/abi/fetcher/20230628:rw registry.salsa.debian.org/reproducible-builds/diffoscope --no-progress tmp/flytekitplugins-dbt-1.7.1b0.tar.gz tmp/flytekitplugins-dbt-1.7.1b1.tar.gz --markdown 20230628/f/flytekitplugins-dbt/1.7.1b0-1.7.1b1/diff.md --exclude *.pyd
[2023-06-28 00:02:34] INFO root fetch - processPackages [flytekitplugins-deck-standard]: Downloading https://files.pythonhosted.org/packages/a5/3c/83ce26a4d4a768f7d85c22c8d1ab1c254da5f400c7c5e869a87a41b9b0e9/flytekitplugins-deck-standard-1.7.1b0.tar.gz
[2023-06-28 00:02:34] INFO root fetch - processPackages [flytekitplugins-duckdb]: Downloading https://files.pythonhosted.org/packages/06/a2/1f105c6d2e8141f3058f1d0d2cf2cebbc87fb166e9bccdd60a9a36283623/flytekitplugins-duckdb-1.7.1b0.tar.gz
[2023-06-28 00:02:35] INFO root fetch - processPackages [hspylib-cfman]: Downloading https://files.pythonhosted.org/packages/ef/a8/8accf24d02f2e78f327c8c16e45e606bdff8e6285c9a9ccece6b2ba82b6d/hspylib-cfman-0.9.91.tar.gz
[2023-06-28 00:02:35] INFO root fetch - processPackages [flytekitplugins-dolt]: Downloading https://files.pythonhosted.org/packages/fe/6d/5df33c7f20cc631af32a689980e65220ebda30585b97930692d517ef026b/flytekitplugins-dolt-1.7.1b0.tar.gz
[2023-06-28 00:02:35] INFO root fetch - processPackages [hspylib-cfman]: executing diffoscope
[2023-06-28 00:02:35] INFO root fetch - processPackages [hspylib-cfman]: podman run --user 0:0 --rm -w /home/abi/fetcher -v /home/abi/fetcher/tmp:/home/abi/fetcher/tmp:ro -v /home/abi/fetcher/20230628:/home/abi/fetcher/20230628:rw registry.salsa.debian.org/reproducible-builds/diffoscope --no-progress tmp/hspylib-cfman-0.9.90.tar.gz tmp/hspylib-cfman-0.9.91.tar.gz --markdown 20230628/h/hspylib-cfman/0.9.90-0.9.91/diff.md --exclude *.pyd
[2023-06-28 00:02:35] INFO root fetch - processPackages [flytekitplugins-deck-standard]: Downloading https://files.pythonhosted.org/packages/40/f5/76ab40b9652bc21d3945df5b35defe0db4894307ab5948cdb7db3e43eb9f/flytekitplugins-deck-standard-1.7.1b1.tar.gz
[2023-06-28 00:02:35] INFO root fetch - processPackages [flytekitplugins-duckdb]: Downloading https://files.pythonhosted.org/packages/ce/6a/086852608a4a02c6dd8025d470940103d744d25846656503e02c2f5525b2/flytekitplugins-duckdb-1.7.1b1.tar.gz
[2023-06-28 00:02:35] INFO root fetch - processPackages [flytekitplugins-deck-standard]: executing diffoscope
[2023-06-28 00:02:35] INFO root fetch - processPackages [flytekitplugins-deck-standard]: podman run --user 0:0 --rm -w /home/abi/fetcher -v /home/abi/fetcher/tmp:/home/abi/fetcher/tmp:ro -v /home/abi/fetcher/20230628:/home/abi/fetcher/20230628:rw registry.salsa.debian.org/reproducible-builds/diffoscope --no-progress tmp/flytekitplugins-deck-standard-1.7.1b0.tar.gz tmp/flytekitplugins-deck-standard-1.7.1b1.tar.gz --markdown 20230628/f/flytekitplugins-deck-standard/1.7.1b0-1.7.1b1/diff.md --exclude *.pyd
[2023-06-28 00:02:35] INFO root fetch - processPackages [flytekitplugins-dolt]: Downloading https://files.pythonhosted.org/packages/9e/76/4945d9686acd2c85716a5413b7f626a4cdb9e2fbe22fc15e4fc9073a61c5/flytekitplugins-dolt-1.7.1b1.tar.gz
[2023-06-28 00:02:35] INFO root fetch - processPackages [flytekitplugins-duckdb]: executing diffoscope
[2023-06-28 00:02:35] INFO root fetch - processPackages [flytekitplugins-duckdb]: podman run --user 0:0 --rm -w /home/abi/fetcher -v /home/abi/fetcher/tmp:/home/abi/fetcher/tmp:ro -v /home/abi/fetcher/20230628:/home/abi/fetcher/20230628:rw registry.salsa.debian.org/reproducible-builds/diffoscope --no-progress tmp/flytekitplugins-duckdb-1.7.1b0.tar.gz tmp/flytekitplugins-duckdb-1.7.1b1.tar.gz --markdown 20230628/f/flytekitplugins-duckdb/1.7.1b0-1.7.1b1/diff.md --exclude *.pyd
[2023-06-28 00:02:35] INFO root fetch - processPackages [magma-lang]: Remove: archive file [/home/abi/fetcher/tmp/magma-lang-2.2.8.tar.gz]
[2023-06-28 00:02:35] INFO root fetch - processPackages [magma-lang]: Remove: archive file [/home/abi/fetcher/tmp/magma-lang-2.2.9.tar.gz]
[2023-06-28 00:02:35] INFO root fetch - processPackages [magma-lang]: Start processing: flytekitplugins-envd
[2023-06-28 00:02:35] INFO root fetch - main [MainThread]: End processing [magma-lang]: success
[2023-06-28 00:02:35] INFO root fetch - processPackages [flytekitplugins-dolt]: executing diffoscope
[2023-06-28 00:02:35] INFO root fetch - processPackages [flytekitplugins-dolt]: podman run --user 0:0 --rm -w /home/abi/fetcher -v /home/abi/fetcher/tmp:/home/abi/fetcher/tmp:ro -v /home/abi/fetcher/20230628:/home/abi/fetcher/20230628:rw registry.salsa.debian.org/reproducible-builds/diffoscope --no-progress tmp/flytekitplugins-dolt-1.7.1b0.tar.gz tmp/flytekitplugins-dolt-1.7.1b1.tar.gz --markdown 20230628/f/flytekitplugins-dolt/1.7.1b0-1.7.1b1/diff.md --exclude *.pyd
[2023-06-28 00:02:35] INFO root fetch - processPackages [flytekitplugins-envd]: New version: [1.7.1b1] Old Version: [1.7.1b0]
[2023-06-28 00:02:36] INFO root fetch - processPackages [flytekitplugins-envd]: Downloading https://files.pythonhosted.org/packages/7b/1d/1bb075c31ac943d69148d451562a5f345963b3b441f87a589af3abb3205d/flytekitplugins-envd-1.7.1b0.tar.gz
[2023-06-28 00:02:36] INFO root fetch - processPackages [flytekitplugins-envd]: Downloading https://files.pythonhosted.org/packages/05/d7/4bc6eff30d69251d23e30495f1434740154f8e26dbdb33dd2b5ed521d969/flytekitplugins-envd-1.7.1b1.tar.gz
[2023-06-28 00:02:36] INFO root fetch - processPackages [flytekitplugins-data-fsspec]: Remove: archive file [/home/abi/fetcher/tmp/flytekitplugins-data-fsspec-1.7.1b0.tar.gz]
[2023-06-28 00:02:36] INFO root fetch - processPackages [flytekitplugins-data-fsspec]: Remove: archive file [/home/abi/fetcher/tmp/flytekitplugins-data-fsspec-1.7.1b1.tar.gz]
[2023-06-28 00:02:36] INFO root fetch - processPackages [flytekitplugins-data-fsspec]: Start processing: flytekitplugins-great-expectations
[2023-06-28 00:02:36] INFO root fetch - main [MainThread]: End processing [flytekitplugins-data-fsspec]: success
[2023-06-28 00:02:36] INFO root fetch - processPackages [flytekitplugins-envd]: executing diffoscope
[2023-06-28 00:02:36] INFO root fetch - processPackages [flytekitplugins-envd]: podman run --user 0:0 --rm -w /home/abi/fetcher -v /home/abi/fetcher/tmp:/home/abi/fetcher/tmp:ro -v /home/abi/fetcher/20230628:/home/abi/fetcher/20230628:rw registry.salsa.debian.org/reproducible-builds/diffoscope --no-progress tmp/flytekitplugins-envd-1.7.1b0.tar.gz tmp/flytekitplugins-envd-1.7.1b1.tar.gz --markdown 20230628/f/flytekitplugins-envd/1.7.1b0-1.7.1b1/diff.md --exclude *.pyd
[2023-06-28 00:02:36] INFO root fetch - processPackages [flytekitplugins-great-expectations]: New version: [1.7.1b1] Old Version: [1.7.1b0]
[2023-06-28 00:02:36] INFO root fetch - processPackages [flytekitplugins-dbt]: Remove: archive file [/home/abi/fetcher/tmp/flytekitplugins-dbt-1.7.1b0.tar.gz]
[2023-06-28 00:02:36] INFO root fetch - processPackages [flytekitplugins-dbt]: Remove: archive file [/home/abi/fetcher/tmp/flytekitplugins-dbt-1.7.1b1.tar.gz]
[2023-06-28 00:02:36] INFO root fetch - processPackages [flytekitplugins-dbt]: Start processing: flytekitplugins-hive
[2023-06-28 00:02:36] INFO root fetch - main [MainThread]: End processing [flytekitplugins-dbt]: success
[2023-06-28 00:02:37] INFO root fetch - processPackages [flytekitplugins-hive]: New version: [1.7.1b1] Old Version: [1.7.1b0]
[2023-06-28 00:02:37] INFO root fetch - processPackages [flytekitplugins-great-expectations]: Downloading https://files.pythonhosted.org/packages/5c/d2/007ec41ac414ad18073d168e2b49bd0cdf636370a3a2185cc64b14ef8c69/flytekitplugins-great_expectations-1.7.1b0.tar.gz
[2023-06-28 00:02:37] INFO root fetch - processPackages [hspylib-cfman]: Remove: archive file [/home/abi/fetcher/tmp/hspylib-cfman-0.9.90.tar.gz]
[2023-06-28 00:02:37] INFO root fetch - processPackages [hspylib-cfman]: Remove: archive file [/home/abi/fetcher/tmp/hspylib-cfman-0.9.91.tar.gz]
[2023-06-28 00:02:37] INFO root fetch - processPackages [hspylib-cfman]: Start processing: flytekitplugins-huggingface
[2023-06-28 00:02:37] INFO root fetch - main [MainThread]: End processing [hspylib-cfman]: success
[2023-06-28 00:02:37] INFO root fetch - processPackages [flytekitplugins-hive]: Downloading https://files.pythonhosted.org/packages/2b/e2/0c592c3a3bb0ce9de39e3a0ba9c52b6d833b21ee4860f6c072c5bba74aa4/flytekitplugins-hive-1.7.1b0.tar.gz
[2023-06-28 00:02:37] INFO root fetch - processPackages [pyinstaller-hooks-contrib]: Remove: archive file [/home/abi/fetcher/tmp/pyinstaller-hooks-contrib-2023.2.tar.gz]
[2023-06-28 00:02:37] INFO root fetch - processPackages [flytekitplugins-deck-standard]: Remove: archive file [/home/abi/fetcher/tmp/flytekitplugins-deck-standard-1.7.1b0.tar.gz]
[2023-06-28 00:02:37] INFO root fetch - processPackages [pyinstaller-hooks-contrib]: Remove: archive file [/home/abi/fetcher/tmp/pyinstaller-hooks-contrib-2023.3.tar.gz]
[2023-06-28 00:02:37] INFO root fetch - processPackages [pyinstaller-hooks-contrib]: Start processing: flytekitplugins-pod
[2023-06-28 00:02:37] INFO root fetch - main [MainThread]: End processing [pyinstaller-hooks-contrib]: success
[2023-06-28 00:02:37] INFO root fetch - processPackages [flytekitplugins-deck-standard]: Remove: archive file [/home/abi/fetcher/tmp/flytekitplugins-deck-standard-1.7.1b1.tar.gz]
[2023-06-28 00:02:37] INFO root fetch - processPackages [flytekitplugins-huggingface]: New version: [1.7.1b1] Old Version: [1.7.1b0]
[2023-06-28 00:02:37] INFO root fetch - processPackages [flytekitplugins-deck-standard]: Start processing: flytekitplugins-kfmpi
[2023-06-28 00:02:37] INFO root fetch - main [MainThread]: End processing [flytekitplugins-deck-standard]: success
[2023-06-28 00:02:37] INFO root fetch - processPackages [flytekitplugins-duckdb]: Remove: archive file [/home/abi/fetcher/tmp/flytekitplugins-duckdb-1.7.1b0.tar.gz]
[2023-06-28 00:02:37] INFO root fetch - processPackages [flytekitplugins-duckdb]: Remove: archive file [/home/abi/fetcher/tmp/flytekitplugins-duckdb-1.7.1b1.tar.gz]
[2023-06-28 00:02:37] INFO root fetch - processPackages [flytekitplugins-duckdb]: Start processing: flytekitplugins-kfpytorch
[2023-06-28 00:02:37] INFO root fetch - main [MainThread]: End processing [flytekitplugins-duckdb]: success
[2023-06-28 00:02:37] INFO root fetch - processPackages [flytekitplugins-dolt]: Remove: archive file [/home/abi/fetcher/tmp/flytekitplugins-dolt-1.7.1b0.tar.gz]
[2023-06-28 00:02:37] INFO root fetch - processPackages [flytekitplugins-dolt]: Remove: archive file [/home/abi/fetcher/tmp/flytekitplugins-dolt-1.7.1b1.tar.gz]
[2023-06-28 00:02:37] INFO root fetch - processPackages [flytekitplugins-pod]: New version: [1.7.1b1] Old Version: [1.7.1b0]
[2023-06-28 00:02:37] INFO root fetch - processPackages [flytekitplugins-dolt]: Start processing: flytekitplugins-kftensorflow
[2023-06-28 00:02:37] INFO root fetch - main [MainThread]: End processing [flytekitplugins-dolt]: success
[2023-06-28 00:02:37] INFO root fetch - processPackages [flytekitplugins-kfmpi]: New version: [1.7.1b1] Old Version: [1.7.1b0]
[2023-06-28 00:02:37] INFO root fetch - processPackages [flytekitplugins-great-expectations]: Downloading https://files.pythonhosted.org/packages/e2/2b/9fda01f188bb049c4bfafaed7a1cfc2a83a53eb92a411fa5b29c951e7781/flytekitplugins-great_expectations-1.7.1b1.tar.gz
[2023-06-28 00:02:37] INFO root fetch - processPackages [flytekitplugins-kfpytorch]: New version: [1.7.1b1] Old Version: [1.7.1b0]
[2023-06-28 00:02:37] INFO root fetch - processPackages [flytekitplugins-hive]: Downloading https://files.pythonhosted.org/packages/30/07/57e4b108aeba35f278fea5cb3926ea9ba57dc3a8a13a6dd5262c39732dd7/flytekitplugins-hive-1.7.1b1.tar.gz
[2023-06-28 00:02:37] INFO root fetch - processPackages [flytekitplugins-huggingface]: Downloading https://files.pythonhosted.org/packages/46/db/79fa38f6911804824f3498720ef55f1cc9f586be5549721576d15f9c3e05/flytekitplugins-huggingface-1.7.1b0.tar.gz
[2023-06-28 00:02:37] INFO root fetch - processPackages [flytekitplugins-kftensorflow]: New version: [1.7.1b1] Old Version: [1.7.1b0]
[2023-06-28 00:02:37] INFO root fetch - processPackages [flytekitplugins-great-expectations]: executing diffoscope
[2023-06-28 00:02:37] INFO root fetch - processPackages [flytekitplugins-great-expectations]: podman run --user 0:0 --rm -w /home/abi/fetcher -v /home/abi/fetcher/tmp:/home/abi/fetcher/tmp:ro -v /home/abi/fetcher/20230628:/home/abi/fetcher/20230628:rw registry.salsa.debian.org/reproducible-builds/diffoscope --no-progress tmp/flytekitplugins-great_expectations-1.7.1b0.tar.gz tmp/flytekitplugins-great_expectations-1.7.1b1.tar.gz --markdown 20230628/f/flytekitplugins-great-expectations/1.7.1b0-1.7.1b1/diff.md --exclude *.pyd
[2023-06-28 00:02:37] INFO root fetch - processPackages [flytekitplugins-pod]: Downloading https://files.pythonhosted.org/packages/2e/f4/3d1ffb4987dd0eb5c6550a9683e76d4acc92c380de63050622f6cd132327/flytekitplugins-pod-1.7.1b0.tar.gz
[2023-06-28 00:02:37] INFO root fetch - processPackages [flytekitplugins-kfmpi]: Downloading https://files.pythonhosted.org/packages/7e/9a/5ef26bd25e81035dd6f6a7050d8f82413382fd8f26cb050384fce8054431/flytekitplugins-kfmpi-1.7.1b0.tar.gz
[2023-06-28 00:02:37] INFO root fetch - processPackages [flytekitplugins-kfpytorch]: Downloading https://files.pythonhosted.org/packages/78/27/3c6bc9c2e6e19419c32cb488c754e2d42ebed5c4cd17679bffd8aa9a798d/flytekitplugins-kfpytorch-1.7.1b0.tar.gz
[2023-06-28 00:02:37] INFO root fetch - processPackages [flytekitplugins-hive]: executing diffoscope
[2023-06-28 00:02:37] INFO root fetch - processPackages [flytekitplugins-hive]: podman run --user 0:0 --rm -w /home/abi/fetcher -v /home/abi/fetcher/tmp:/home/abi/fetcher/tmp:ro -v /home/abi/fetcher/20230628:/home/abi/fetcher/20230628:rw registry.salsa.debian.org/reproducible-builds/diffoscope --no-progress tmp/flytekitplugins-hive-1.7.1b0.tar.gz tmp/flytekitplugins-hive-1.7.1b1.tar.gz --markdown 20230628/f/flytekitplugins-hive/1.7.1b0-1.7.1b1/diff.md --exclude *.pyd
[2023-06-28 00:02:38] INFO root fetch - processPackages [flytekitplugins-huggingface]: Downloading https://files.pythonhosted.org/packages/87/d0/eebbefe7550b768ddb9e2da204f895c5d7c573f4ce3189e3f7e7c5a10957/flytekitplugins-huggingface-1.7.1b1.tar.gz
[2023-06-28 00:02:38] INFO root fetch - processPackages [flytekitplugins-kftensorflow]: Downloading https://files.pythonhosted.org/packages/5e/12/4fc2737a5ac032de7a76ce61cd9102828538a309901149c361e9e5c22fe6/flytekitplugins-kftensorflow-1.7.1b0.tar.gz
[2023-06-28 00:02:38] INFO root fetch - processPackages [flytekitplugins-kfpytorch]: Downloading https://files.pythonhosted.org/packages/6d/4f/375c0b28d99a538b5d440871745fded9d09b8b6f11dd1e15bb02f411869e/flytekitplugins-kfpytorch-1.7.1b1.tar.gz
[2023-06-28 00:02:38] INFO root fetch - processPackages [flytekitplugins-huggingface]: executing diffoscope
[2023-06-28 00:02:38] INFO root fetch - processPackages [flytekitplugins-huggingface]: podman run --user 0:0 --rm -w /home/abi/fetcher -v /home/abi/fetcher/tmp:/home/abi/fetcher/tmp:ro -v /home/abi/fetcher/20230628:/home/abi/fetcher/20230628:rw registry.salsa.debian.org/reproducible-builds/diffoscope --no-progress tmp/flytekitplugins-huggingface-1.7.1b0.tar.gz tmp/flytekitplugins-huggingface-1.7.1b1.tar.gz --markdown 20230628/f/flytekitplugins-huggingface/1.7.1b0-1.7.1b1/diff.md --exclude *.pyd
[2023-06-28 00:02:38] INFO root fetch - processPackages [flytekitplugins-pod]: Downloading https://files.pythonhosted.org/packages/85/8d/f8e8fb0e68d0cefada70bae6c760ae192c23b0b32bf74ab335a5ae3b3f07/flytekitplugins-pod-1.7.1b1.tar.gz
[2023-06-28 00:02:38] INFO root fetch - processPackages [flytekitplugins-envd]: Remove: archive file [/home/abi/fetcher/tmp/flytekitplugins-envd-1.7.1b0.tar.gz]
[2023-06-28 00:02:38] INFO root fetch - processPackages [flytekitplugins-envd]: Remove: archive file [/home/abi/fetcher/tmp/flytekitplugins-envd-1.7.1b1.tar.gz]
[2023-06-28 00:02:38] INFO root fetch - processPackages [flytekitplugins-envd]: Start processing: flytekitplugins-mlflow
[2023-06-28 00:02:38] INFO root fetch - main [MainThread]: End processing [flytekitplugins-envd]: success
[2023-06-28 00:02:38] INFO root fetch - processPackages [flytekitplugins-kfmpi]: Downloading https://files.pythonhosted.org/packages/31/cf/7786695ffcedc10d1e7b3f62f9973b6970ab66e370c8bc446186a271b1a6/flytekitplugins-kfmpi-1.7.1b1.tar.gz
[2023-06-28 00:02:38] INFO root fetch - processPackages [flytekitplugins-kfpytorch]: executing diffoscope
[2023-06-28 00:02:38] INFO root fetch - processPackages [flytekitplugins-kfpytorch]: podman run --user 0:0 --rm -w /home/abi/fetcher -v /home/abi/fetcher/tmp:/home/abi/fetcher/tmp:ro -v /home/abi/fetcher/20230628:/home/abi/fetcher/20230628:rw registry.salsa.debian.org/reproducible-builds/diffoscope --no-progress tmp/flytekitplugins-kfpytorch-1.7.1b0.tar.gz tmp/flytekitplugins-kfpytorch-1.7.1b1.tar.gz --markdown 20230628/f/flytekitplugins-kfpytorch/1.7.1b0-1.7.1b1/diff.md --exclude *.pyd
[2023-06-28 00:02:38] INFO root fetch - processPackages [flytekitplugins-mlflow]: New version: [1.7.1b1] Old Version: [1.7.1b0]
[2023-06-28 00:02:38] INFO root fetch - processPackages [flytekitplugins-pod]: executing diffoscope
[2023-06-28 00:02:38] INFO root fetch - processPackages [flytekitplugins-pod]: podman run --user 0:0 --rm -w /home/abi/fetcher -v /home/abi/fetcher/tmp:/home/abi/fetcher/tmp:ro -v /home/abi/fetcher/20230628:/home/abi/fetcher/20230628:rw registry.salsa.debian.org/reproducible-builds/diffoscope --no-progress tmp/flytekitplugins-pod-1.7.1b0.tar.gz tmp/flytekitplugins-pod-1.7.1b1.tar.gz --markdown 20230628/f/flytekitplugins-pod/1.7.1b0-1.7.1b1/diff.md --exclude *.pyd
[2023-06-28 00:02:38] INFO root fetch - processPackages [flytekitplugins-kftensorflow]: Downloading https://files.pythonhosted.org/packages/bc/ab/432b7307ba222c6b4911f4c791c9c18da17f79090082e4735a0dcd2a9838/flytekitplugins-kftensorflow-1.7.1b1.tar.gz
[2023-06-28 00:02:38] INFO root fetch - processPackages [flytekitplugins-kfmpi]: executing diffoscope
[2023-06-28 00:02:38] INFO root fetch - processPackages [flytekitplugins-kfmpi]: podman run --user 0:0 --rm -w /home/abi/fetcher -v /home/abi/fetcher/tmp:/home/abi/fetcher/tmp:ro -v /home/abi/fetcher/20230628:/home/abi/fetcher/20230628:rw registry.salsa.debian.org/reproducible-builds/diffoscope --no-progress tmp/flytekitplugins-kfmpi-1.7.1b0.tar.gz tmp/flytekitplugins-kfmpi-1.7.1b1.tar.gz --markdown 20230628/f/flytekitplugins-kfmpi/1.7.1b0-1.7.1b1/diff.md --exclude *.pyd
[2023-06-28 00:02:38] INFO root fetch - processPackages [flytekitplugins-mlflow]: Downloading https://files.pythonhosted.org/packages/57/54/e494de027cf02a61c062a36b467421de4bac91700deb045003917bae7266/flytekitplugins-mlflow-1.7.1b0.tar.gz
[2023-06-28 00:02:38] INFO root fetch - processPackages [flytekitplugins-kftensorflow]: executing diffoscope
[2023-06-28 00:02:38] INFO root fetch - processPackages [flytekitplugins-kftensorflow]: podman run --user 0:0 --rm -w /home/abi/fetcher -v /home/abi/fetcher/tmp:/home/abi/fetcher/tmp:ro -v /home/abi/fetcher/20230628:/home/abi/fetcher/20230628:rw registry.salsa.debian.org/reproducible-builds/diffoscope --no-progress tmp/flytekitplugins-kftensorflow-1.7.1b0.tar.gz tmp/flytekitplugins-kftensorflow-1.7.1b1.tar.gz --markdown 20230628/f/flytekitplugins-kftensorflow/1.7.1b0-1.7.1b1/diff.md --exclude *.pyd
[2023-06-28 00:02:39] INFO root fetch - processPackages [django-restit]: Remove: archive file [/home/abi/fetcher/tmp/django_restit-4.0.5.tar.gz]
[2023-06-28 00:02:39] INFO root fetch - processPackages [django-restit]: Remove: archive file [/home/abi/fetcher/tmp/django_restit-4.0.6.tar.gz]
[2023-06-28 00:02:39] INFO root fetch - processPackages [django-restit]: Start processing: flytekitplugins-modin
[2023-06-28 00:02:39] INFO root fetch - main [MainThread]: End processing [django-restit]: success
[2023-06-28 00:02:39] INFO root fetch - processPackages [flytekitplugins-mlflow]: Downloading https://files.pythonhosted.org/packages/3f/a4/bf6e9608e9f49229e00e77431dd459df78a17e263721e7da8874e9ddf41c/flytekitplugins-mlflow-1.7.1b1.tar.gz
[2023-06-28 00:02:39] INFO root fetch - processPackages [flytekitplugins-modin]: New version: [1.7.1b1] Old Version: [1.7.1b0]
[2023-06-28 00:02:39] INFO root fetch - processPackages [flytekitplugins-mlflow]: executing diffoscope
[2023-06-28 00:02:39] INFO root fetch - processPackages [flytekitplugins-mlflow]: podman run --user 0:0 --rm -w /home/abi/fetcher -v /home/abi/fetcher/tmp:/home/abi/fetcher/tmp:ro -v /home/abi/fetcher/20230628:/home/abi/fetcher/20230628:rw registry.salsa.debian.org/reproducible-builds/diffoscope --no-progress tmp/flytekitplugins-mlflow-1.7.1b0.tar.gz tmp/flytekitplugins-mlflow-1.7.1b1.tar.gz --markdown 20230628/f/flytekitplugins-mlflow/1.7.1b0-1.7.1b1/diff.md --exclude *.pyd
[2023-06-28 00:02:39] INFO root fetch - processPackages [flytekitplugins-modin]: Downloading https://files.pythonhosted.org/packages/3b/10/040cac6414ec8ea2236ff19d5324177a59717c8bacca5c58b208a727a616/flytekitplugins-modin-1.7.1b0.tar.gz
[2023-06-28 00:02:39] INFO root fetch - processPackages [flytekitplugins-hive]: Remove: archive file [/home/abi/fetcher/tmp/flytekitplugins-hive-1.7.1b0.tar.gz]
[2023-06-28 00:02:39] INFO root fetch - processPackages [flytekitplugins-hive]: Remove: archive file [/home/abi/fetcher/tmp/flytekitplugins-hive-1.7.1b1.tar.gz]
[2023-06-28 00:02:39] INFO root fetch - processPackages [flytekitplugins-hive]: Start processing: flytekitplugins-onnxpytorch
[2023-06-28 00:02:39] INFO root fetch - main [MainThread]: End processing [flytekitplugins-hive]: success
[2023-06-28 00:02:40] INFO root fetch - processPackages [flytekitplugins-great-expectations]: Remove: archive file [/home/abi/fetcher/tmp/flytekitplugins-great_expectations-1.7.1b0.tar.gz]
[2023-06-28 00:02:40] INFO root fetch - processPackages [flytekitplugins-great-expectations]: Remove: archive file [/home/abi/fetcher/tmp/flytekitplugins-great_expectations-1.7.1b1.tar.gz]
[2023-06-28 00:02:40] INFO root fetch - processPackages [flytekitplugins-great-expectations]: Start processing: flytekitplugins-onnxscikitlearn
[2023-06-28 00:02:40] INFO root fetch - main [MainThread]: End processing [flytekitplugins-great-expectations]: success
[2023-06-28 00:02:40] INFO root fetch - processPackages [flytekitplugins-onnxpytorch]: New version: [1.7.1b1] Old Version: [1.7.1b0]
[2023-06-28 00:02:40] INFO root fetch - processPackages [flytekitplugins-modin]: Downloading https://files.pythonhosted.org/packages/f0/9a/387855ea56114a719022c996161cfd0401c975ee2023bdf874616403cffa/flytekitplugins-modin-1.7.1b1.tar.gz
[2023-06-28 00:02:40] INFO root fetch - processPackages [flytekitplugins-huggingface]: Remove: archive file [/home/abi/fetcher/tmp/flytekitplugins-huggingface-1.7.1b0.tar.gz]
[2023-06-28 00:02:40] INFO root fetch - processPackages [flytekitplugins-huggingface]: Remove: archive file [/home/abi/fetcher/tmp/flytekitplugins-huggingface-1.7.1b1.tar.gz]
[2023-06-28 00:02:40] INFO root fetch - processPackages [flytekitplugins-huggingface]: Start processing: flytekitplugins-pandera
[2023-06-28 00:02:40] INFO root fetch - main [MainThread]: End processing [flytekitplugins-huggingface]: success
[2023-06-28 00:02:40] INFO root fetch - processPackages [flytekitplugins-onnxscikitlearn]: New version: [1.7.1b1] Old Version: [1.7.1b0]
[2023-06-28 00:02:40] INFO root fetch - processPackages [flytekitplugins-pandera]: New version: [1.7.1b1] Old Version: [1.7.1b0]
[2023-06-28 00:02:40] INFO root fetch - processPackages [flytekitplugins-onnxpytorch]: Downloading https://files.pythonhosted.org/packages/8d/5c/885aa8e2b5fd156697e5d0a8d3f61e78c6b6774c9ba6b74a75cf3adfeeca/flytekitplugins-onnxpytorch-1.7.1b0.tar.gz
[2023-06-28 00:02:40] INFO root fetch - processPackages [flytekitplugins-modin]: executing diffoscope
[2023-06-28 00:02:40] INFO root fetch - processPackages [flytekitplugins-modin]: podman run --user 0:0 --rm -w /home/abi/fetcher -v /home/abi/fetcher/tmp:/home/abi/fetcher/tmp:ro -v /home/abi/fetcher/20230628:/home/abi/fetcher/20230628:rw registry.salsa.debian.org/reproducible-builds/diffoscope --no-progress tmp/flytekitplugins-modin-1.7.1b0.tar.gz tmp/flytekitplugins-modin-1.7.1b1.tar.gz --markdown 20230628/f/flytekitplugins-modin/1.7.1b0-1.7.1b1/diff.md --exclude *.pyd
[2023-06-28 00:02:40] INFO root fetch - processPackages [flytekitplugins-kfpytorch]: Remove: archive file [/home/abi/fetcher/tmp/flytekitplugins-kfpytorch-1.7.1b0.tar.gz]
[2023-06-28 00:02:40] INFO root fetch - processPackages [flytekitplugins-kfpytorch]: Remove: archive file [/home/abi/fetcher/tmp/flytekitplugins-kfpytorch-1.7.1b1.tar.gz]
[2023-06-28 00:02:40] INFO root fetch - processPackages [flytekitplugins-kfpytorch]: Start processing: pyintelx
[2023-06-28 00:02:40] INFO root fetch - main [MainThread]: End processing [flytekitplugins-kfpytorch]: success
[2023-06-28 00:02:40] INFO root fetch - processPackages [pyintelx]: New version: [0.1.3] Old Version: [0.1.2]
[2023-06-28 00:02:40] INFO root fetch - processPackages [flytekitplugins-onnxscikitlearn]: Downloading https://files.pythonhosted.org/packages/99/30/057f436989751256994dc0d0a95225785eb225859c35b8f67395ec0eab89/flytekitplugins-onnxscikitlearn-1.7.1b0.tar.gz
[2023-06-28 00:02:40] INFO root fetch - processPackages [pyintelx]: Downloading https://files.pythonhosted.org/packages/2b/85/dc8775054c476a258915ca6266aba2e0ed8a04489cd680758901d8e927eb/pyintelx-0.1.2.tar.gz
[2023-06-28 00:02:40] INFO root fetch - processPackages [flytekitplugins-pandera]: Downloading https://files.pythonhosted.org/packages/3f/7a/aa27bcdb5079519ca8a48c0ddbb4d6d35e20b47f5e0ba59a1abd74868e9f/flytekitplugins-pandera-1.7.1b0.tar.gz
[2023-06-28 00:02:40] INFO root fetch - processPackages [flytekitplugins-onnxscikitlearn]: Downloading https://files.pythonhosted.org/packages/8b/92/fa4b60950ceebb40d0a908c92614d9ab2665d54877bf4e75aa6baf81d9fc/flytekitplugins-onnxscikitlearn-1.7.1b1.tar.gz
[2023-06-28 00:02:40] INFO root fetch - processPackages [flytekitplugins-onnxpytorch]: Downloading https://files.pythonhosted.org/packages/63/6d/5ee8112d945a1515cd98dd2cdb0244798b5b2eb20aa9b0a83e7540ce3e8c/flytekitplugins-onnxpytorch-1.7.1b1.tar.gz
[2023-06-28 00:02:40] INFO root fetch - processPackages [flytekitplugins-pod]: Remove: archive file [/home/abi/fetcher/tmp/flytekitplugins-pod-1.7.1b0.tar.gz]
[2023-06-28 00:02:40] INFO root fetch - processPackages [flytekitplugins-pod]: Remove: archive file [/home/abi/fetcher/tmp/flytekitplugins-pod-1.7.1b1.tar.gz]
[2023-06-28 00:02:40] INFO root fetch - processPackages [flytekitplugins-pod]: Start processing: flytekitplugins-papermill
[2023-06-28 00:02:40] INFO root fetch - main [MainThread]: End processing [flytekitplugins-pod]: success
[2023-06-28 00:02:40] INFO root fetch - processPackages [flytekitplugins-kfmpi]: Remove: archive file [/home/abi/fetcher/tmp/flytekitplugins-kfmpi-1.7.1b0.tar.gz]
[2023-06-28 00:02:40] INFO root fetch - processPackages [flytekitplugins-kfmpi]: Remove: archive file [/home/abi/fetcher/tmp/flytekitplugins-kfmpi-1.7.1b1.tar.gz]
[2023-06-28 00:02:40] INFO root fetch - processPackages [flytekitplugins-kfmpi]: Start processing: flytekitplugins-polars
[2023-06-28 00:02:40] INFO root fetch - main [MainThread]: End processing [flytekitplugins-kfmpi]: success
[2023-06-28 00:02:40] INFO root fetch - processPackages [pyintelx]: Downloading https://files.pythonhosted.org/packages/c0/15/06a7ac3e322632f596d1534f8871f415549def5f9b012213ad9bd4080ae8/pyintelx-0.1.3.tar.gz
[2023-06-28 00:02:40] INFO root fetch - processPackages [flytekitplugins-kftensorflow]: Remove: archive file [/home/abi/fetcher/tmp/flytekitplugins-kftensorflow-1.7.1b0.tar.gz]
[2023-06-28 00:02:40] INFO root fetch - processPackages [flytekitplugins-kftensorflow]: Remove: archive file [/home/abi/fetcher/tmp/flytekitplugins-kftensorflow-1.7.1b1.tar.gz]
[2023-06-28 00:02:40] INFO root fetch - processPackages [flytekitplugins-kftensorflow]: Start processing: flytekitplugins-ray
[2023-06-28 00:02:40] INFO root fetch - main [MainThread]: End processing [flytekitplugins-kftensorflow]: success
[2023-06-28 00:02:40] INFO root fetch - processPackages [flytekitplugins-papermill]: New version: [1.7.1b1] Old Version: [1.7.1b0]
[2023-06-28 00:02:40] INFO root fetch - processPackages [flytekitplugins-polars]: New version: [1.7.1b1] Old Version: [1.7.1b0]
[2023-06-28 00:02:40] INFO root fetch - processPackages [pyintelx]: executing diffoscope
[2023-06-28 00:02:40] INFO root fetch - processPackages [pyintelx]: podman run --user 0:0 --rm -w /home/abi/fetcher -v /home/abi/fetcher/tmp:/home/abi/fetcher/tmp:ro -v /home/abi/fetcher/20230628:/home/abi/fetcher/20230628:rw registry.salsa.debian.org/reproducible-builds/diffoscope --no-progress tmp/pyintelx-0.1.2.tar.gz tmp/pyintelx-0.1.3.tar.gz --markdown 20230628/p/pyintelx/0.1.2-0.1.3/diff.md --exclude *.pyd
[2023-06-28 00:02:41] INFO root fetch - processPackages [flytekitplugins-ray]: New version: [1.7.1b1] Old Version: [1.7.1b0]
[2023-06-28 00:02:41] INFO root fetch - processPackages [flytekitplugins-onnxscikitlearn]: executing diffoscope
[2023-06-28 00:02:41] INFO root fetch - processPackages [flytekitplugins-onnxscikitlearn]: podman run --user 0:0 --rm -w /home/abi/fetcher -v /home/abi/fetcher/tmp:/home/abi/fetcher/tmp:ro -v /home/abi/fetcher/20230628:/home/abi/fetcher/20230628:rw registry.salsa.debian.org/reproducible-builds/diffoscope --no-progress tmp/flytekitplugins-onnxscikitlearn-1.7.1b0.tar.gz tmp/flytekitplugins-onnxscikitlearn-1.7.1b1.tar.gz --markdown 20230628/f/flytekitplugins-onnxscikitlearn/1.7.1b0-1.7.1b1/diff.md --exclude *.pyd
[2023-06-28 00:02:41] INFO root fetch - processPackages [flytekitplugins-pandera]: Downloading https://files.pythonhosted.org/packages/85/55/85978085ce6807cbbda8438db3031b2b7a27df329619ccb38e5cdcb7a2ae/flytekitplugins-pandera-1.7.1b1.tar.gz
[2023-06-28 00:02:41] INFO root fetch - processPackages [flytekitplugins-mlflow]: Remove: archive file [/home/abi/fetcher/tmp/flytekitplugins-mlflow-1.7.1b0.tar.gz]
[2023-06-28 00:02:41] INFO root fetch - processPackages [flytekitplugins-mlflow]: Remove: archive file [/home/abi/fetcher/tmp/flytekitplugins-mlflow-1.7.1b1.tar.gz]
[2023-06-28 00:02:41] INFO root fetch - processPackages [flytekitplugins-mlflow]: Start processing: flytekitplugins-snowflake
[2023-06-28 00:02:41] INFO root fetch - main [MainThread]: End processing [flytekitplugins-mlflow]: success
[2023-06-28 00:02:41] INFO root fetch - processPackages [flytekitplugins-papermill]: Downloading https://files.pythonhosted.org/packages/5f/fe/7823686a4b2f1efe5a3fdc7d0ad251bcd360297a511b627348670469d816/flytekitplugins-papermill-1.7.1b0.tar.gz
[2023-06-28 00:02:41] INFO root fetch - processPackages [flytekitplugins-onnxpytorch]: executing diffoscope
[2023-06-28 00:02:41] INFO root fetch - processPackages [flytekitplugins-onnxpytorch]: podman run --user 0:0 --rm -w /home/abi/fetcher -v /home/abi/fetcher/tmp:/home/abi/fetcher/tmp:ro -v /home/abi/fetcher/20230628:/home/abi/fetcher/20230628:rw registry.salsa.debian.org/reproducible-builds/diffoscope --no-progress tmp/flytekitplugins-onnxpytorch-1.7.1b0.tar.gz tmp/flytekitplugins-onnxpytorch-1.7.1b1.tar.gz --markdown 20230628/f/flytekitplugins-onnxpytorch/1.7.1b0-1.7.1b1/diff.md --exclude *.pyd
[2023-06-28 00:02:41] INFO root fetch - processPackages [flytekitplugins-polars]: Downloading https://files.pythonhosted.org/packages/1d/7b/6c692c1beb260df9e47a5225d7ba020ba0b9e2a53e7e86b5afaa4b81f231/flytekitplugins-polars-1.7.1b0.tar.gz
[2023-06-28 00:02:41] INFO root fetch - processPackages [flytekitplugins-snowflake]: New version: [1.7.1b1] Old Version: [1.7.1b0]
[2023-06-28 00:02:41] INFO root fetch - processPackages [flytekitplugins-ray]: Downloading https://files.pythonhosted.org/packages/48/f6/bdeeaced8a45ef0ef7d25415f6b817e175416eb76f1cf53ee28a1943ecff/flytekitplugins-ray-1.7.1b0.tar.gz
[2023-06-28 00:02:41] INFO root fetch - processPackages [flytekitplugins-pandera]: executing diffoscope
[2023-06-28 00:02:41] INFO root fetch - processPackages [flytekitplugins-pandera]: podman run --user 0:0 --rm -w /home/abi/fetcher -v /home/abi/fetcher/tmp:/home/abi/fetcher/tmp:ro -v /home/abi/fetcher/20230628:/home/abi/fetcher/20230628:rw registry.salsa.debian.org/reproducible-builds/diffoscope --no-progress tmp/flytekitplugins-pandera-1.7.1b0.tar.gz tmp/flytekitplugins-pandera-1.7.1b1.tar.gz --markdown 20230628/f/flytekitplugins-pandera/1.7.1b0-1.7.1b1/diff.md --exclude *.pyd
[2023-06-28 00:02:41] INFO root fetch - processPackages [flytekitplugins-snowflake]: Downloading https://files.pythonhosted.org/packages/c1/0f/b4ee117a4e1b96327a11ca18d861e4f8831a8ddfa025ceedc1ea943d7049/flytekitplugins-snowflake-1.7.1b0.tar.gz
[2023-06-28 00:02:41] INFO root fetch - processPackages [flytekitplugins-papermill]: Downloading https://files.pythonhosted.org/packages/d4/d8/091fe051e543975a4abf73d41a87f371f4834c3961c083b027e004be9d23/flytekitplugins-papermill-1.7.1b1.tar.gz
[2023-06-28 00:02:41] INFO root fetch - processPackages [flytekitplugins-polars]: Downloading https://files.pythonhosted.org/packages/5c/f0/d3665dee258672419af861d82c776e8e1d3633844e315603c8aa712e1a98/flytekitplugins-polars-1.7.1b1.tar.gz
[2023-06-28 00:02:41] INFO root fetch - processPackages [flytekitplugins-ray]: Downloading https://files.pythonhosted.org/packages/a7/91/8c1e1f3c1605401277467aaad95a05fea719cb0cbd10dff136de99a589da/flytekitplugins-ray-1.7.1b1.tar.gz
[2023-06-28 00:02:41] INFO root fetch - processPackages [flytekitplugins-ray]: executing diffoscope
[2023-06-28 00:02:41] INFO root fetch - processPackages [flytekitplugins-ray]: podman run --user 0:0 --rm -w /home/abi/fetcher -v /home/abi/fetcher/tmp:/home/abi/fetcher/tmp:ro -v /home/abi/fetcher/20230628:/home/abi/fetcher/20230628:rw registry.salsa.debian.org/reproducible-builds/diffoscope --no-progress tmp/flytekitplugins-ray-1.7.1b0.tar.gz tmp/flytekitplugins-ray-1.7.1b1.tar.gz --markdown 20230628/f/flytekitplugins-ray/1.7.1b0-1.7.1b1/diff.md --exclude *.pyd
[2023-06-28 00:02:41] INFO root fetch - processPackages [flytekitplugins-snowflake]: Downloading https://files.pythonhosted.org/packages/85/e9/cea01b0f3f0148dbf2393ebdcc86813c34d6f8ed27c87cf5a53b3d742c4f/flytekitplugins-snowflake-1.7.1b1.tar.gz
[2023-06-28 00:02:41] INFO root fetch - processPackages [flytekitplugins-papermill]: executing diffoscope
[2023-06-28 00:02:41] INFO root fetch - processPackages [flytekitplugins-papermill]: podman run --user 0:0 --rm -w /home/abi/fetcher -v /home/abi/fetcher/tmp:/home/abi/fetcher/tmp:ro -v /home/abi/fetcher/20230628:/home/abi/fetcher/20230628:rw registry.salsa.debian.org/reproducible-builds/diffoscope --no-progress tmp/flytekitplugins-papermill-1.7.1b0.tar.gz tmp/flytekitplugins-papermill-1.7.1b1.tar.gz --markdown 20230628/f/flytekitplugins-papermill/1.7.1b0-1.7.1b1/diff.md --exclude *.pyd
[2023-06-28 00:02:42] INFO root fetch - processPackages [flytekitplugins-polars]: executing diffoscope
[2023-06-28 00:02:42] INFO root fetch - processPackages [flytekitplugins-polars]: podman run --user 0:0 --rm -w /home/abi/fetcher -v /home/abi/fetcher/tmp:/home/abi/fetcher/tmp:ro -v /home/abi/fetcher/20230628:/home/abi/fetcher/20230628:rw registry.salsa.debian.org/reproducible-builds/diffoscope --no-progress tmp/flytekitplugins-polars-1.7.1b0.tar.gz tmp/flytekitplugins-polars-1.7.1b1.tar.gz --markdown 20230628/f/flytekitplugins-polars/1.7.1b0-1.7.1b1/diff.md --exclude *.pyd
[2023-06-28 00:02:42] INFO root fetch - processPackages [flytekitplugins-snowflake]: executing diffoscope
[2023-06-28 00:02:42] INFO root fetch - processPackages [flytekitplugins-snowflake]: podman run --user 0:0 --rm -w /home/abi/fetcher -v /home/abi/fetcher/tmp:/home/abi/fetcher/tmp:ro -v /home/abi/fetcher/20230628:/home/abi/fetcher/20230628:rw registry.salsa.debian.org/reproducible-builds/diffoscope --no-progress tmp/flytekitplugins-snowflake-1.7.1b0.tar.gz tmp/flytekitplugins-snowflake-1.7.1b1.tar.gz --markdown 20230628/f/flytekitplugins-snowflake/1.7.1b0-1.7.1b1/diff.md --exclude *.pyd
[2023-06-28 00:02:42] INFO root fetch - processPackages [flytekitplugins-modin]: Remove: archive file [/home/abi/fetcher/tmp/flytekitplugins-modin-1.7.1b0.tar.gz]
[2023-06-28 00:02:42] INFO root fetch - processPackages [flytekitplugins-modin]: Remove: archive file [/home/abi/fetcher/tmp/flytekitplugins-modin-1.7.1b1.tar.gz]
[2023-06-28 00:02:42] INFO root fetch - processPackages [flytekitplugins-modin]: Start processing: few-shot-priming
[2023-06-28 00:02:42] INFO root fetch - main [MainThread]: End processing [flytekitplugins-modin]: success
[2023-06-28 00:02:42] INFO root fetch - processPackages [few-shot-priming]: New version: [0.0.99] Old Version: [0.0.96]
[2023-06-28 00:02:42] INFO root fetch - processPackages [few-shot-priming]: Downloading https://files.pythonhosted.org/packages/d5/95/d70c95da3e78b71d35838af276daf5b2f53394c4c9a44fa5dd8f2aa64498/few_shot_priming-0.0.96-py3-none-any.whl
[2023-06-28 00:02:43] INFO root fetch - processPackages [few-shot-priming]: Downloading https://files.pythonhosted.org/packages/1e/e8/6368ab93b7135424a35ce07aac4de4056a38a1ae6f862ed63a5a79a4dce6/few_shot_priming-0.0.99-py3-none-any.whl
[2023-06-28 00:02:43] INFO root fetch - processPackages [pyintelx]: Remove: archive file [/home/abi/fetcher/tmp/pyintelx-0.1.2.tar.gz]
[2023-06-28 00:02:43] INFO root fetch - processPackages [pyintelx]: Remove: archive file [/home/abi/fetcher/tmp/pyintelx-0.1.3.tar.gz]
[2023-06-28 00:02:43] INFO root fetch - processPackages [pyintelx]: Start processing: flytekitplugins-spark
[2023-06-28 00:02:43] INFO root fetch - main [MainThread]: End processing [pyintelx]: success
[2023-06-28 00:02:43] INFO root fetch - processPackages [flytekitplugins-onnxscikitlearn]: Remove: archive file [/home/abi/fetcher/tmp/flytekitplugins-onnxscikitlearn-1.7.1b0.tar.gz]
[2023-06-28 00:02:43] INFO root fetch - processPackages [flytekitplugins-onnxscikitlearn]: Remove: archive file [/home/abi/fetcher/tmp/flytekitplugins-onnxscikitlearn-1.7.1b1.tar.gz]
[2023-06-28 00:02:43] INFO root fetch - processPackages [flytekitplugins-onnxscikitlearn]: Start processing: flytekitplugins-sqlalchemy
[2023-06-28 00:02:43] INFO root fetch - main [MainThread]: End processing [flytekitplugins-onnxscikitlearn]: success
[2023-06-28 00:02:43] INFO root fetch - processPackages [few-shot-priming]: executing diffoscope
[2023-06-28 00:02:43] INFO root fetch - processPackages [few-shot-priming]: podman run --user 0:0 --rm -w /home/abi/fetcher -v /home/abi/fetcher/tmp:/home/abi/fetcher/tmp:ro -v /home/abi/fetcher/20230628:/home/abi/fetcher/20230628:rw registry.salsa.debian.org/reproducible-builds/diffoscope --no-progress tmp/few_shot_priming-0.0.96-py3-none-any.whl.zip tmp/few_shot_priming-0.0.99-py3-none-any.whl.zip --markdown 20230628/f/few-shot-priming/0.0.96-0.0.99/diff.md --exclude *.pyd
[2023-06-28 00:02:43] INFO root fetch - processPackages [flytekitplugins-spark]: New version: [1.7.1b1] Old Version: [1.7.1b0]
[2023-06-28 00:02:43] INFO root fetch - processPackages [flytekitplugins-sqlalchemy]: New version: [1.7.1b1] Old Version: [1.7.1b0]
[2023-06-28 00:02:43] INFO root fetch - processPackages [flytekitplugins-spark]: Downloading https://files.pythonhosted.org/packages/d1/66/f7ddcf2aa43ebc78af620931a5277def7cc33903f243c4bc7a22f0df44b8/flytekitplugins-spark-1.7.1b0.tar.gz
[2023-06-28 00:02:43] INFO root fetch - processPackages [flytekitplugins-sqlalchemy]: Downloading https://files.pythonhosted.org/packages/7d/bf/c618eb1c4f871dd57494ff5838c3f613606e6cad1512ea61d888e2e2907e/flytekitplugins-sqlalchemy-1.7.1b0.tar.gz
[2023-06-28 00:02:43] INFO root fetch - processPackages [flytekitplugins-onnxpytorch]: Remove: archive file [/home/abi/fetcher/tmp/flytekitplugins-onnxpytorch-1.7.1b0.tar.gz]
[2023-06-28 00:02:43] INFO root fetch - processPackages [flytekitplugins-onnxpytorch]: Remove: archive file [/home/abi/fetcher/tmp/flytekitplugins-onnxpytorch-1.7.1b1.tar.gz]
[2023-06-28 00:02:43] INFO root fetch - processPackages [flytekitplugins-onnxpytorch]: Start processing: flytekitplugins-vaex
[2023-06-28 00:02:43] INFO root fetch - main [MainThread]: End processing [flytekitplugins-onnxpytorch]: success
[2023-06-28 00:02:43] INFO root fetch - processPackages [flytekitplugins-vaex]: New version: [1.7.1b1] Old Version: [1.7.1b0]
[2023-06-28 00:02:43] INFO root fetch - processPackages [flytekitplugins-spark]: Downloading https://files.pythonhosted.org/packages/a6/68/3e1b2fab12880123b27971f59ad72efeff5a2ed366d52890c3c33a6355f1/flytekitplugins-spark-1.7.1b1.tar.gz
[2023-06-28 00:02:44] INFO root fetch - processPackages [flytekitplugins-sqlalchemy]: Downloading https://files.pythonhosted.org/packages/85/7f/474c18dc76212a649fb522b15f3f971810fee577f443ec8286ab9c3f4be8/flytekitplugins-sqlalchemy-1.7.1b1.tar.gz
[2023-06-28 00:02:44] INFO root fetch - processPackages [flytekitplugins-pandera]: Remove: archive file [/home/abi/fetcher/tmp/flytekitplugins-pandera-1.7.1b0.tar.gz]
[2023-06-28 00:02:44] INFO root fetch - processPackages [flytekitplugins-pandera]: Remove: archive file [/home/abi/fetcher/tmp/flytekitplugins-pandera-1.7.1b1.tar.gz]
[2023-06-28 00:02:44] INFO root fetch - processPackages [flytekitplugins-pandera]: Start processing: flytekitplugins-whylogs
[2023-06-28 00:02:44] INFO root fetch - main [MainThread]: End processing [flytekitplugins-pandera]: success
[2023-06-28 00:02:44] INFO root fetch - processPackages [flytekitplugins-vaex]: Downloading https://files.pythonhosted.org/packages/5d/03/202b08ced1eed2b7f6e9aaa74d2e036415f5709c2a0a8565a35e7c5d554a/flytekitplugins-vaex-1.7.1b0.tar.gz
[2023-06-28 00:02:44] INFO root fetch - processPackages [flytekitplugins-spark]: executing diffoscope
[2023-06-28 00:02:44] INFO root fetch - processPackages [flytekitplugins-spark]: podman run --user 0:0 --rm -w /home/abi/fetcher -v /home/abi/fetcher/tmp:/home/abi/fetcher/tmp:ro -v /home/abi/fetcher/20230628:/home/abi/fetcher/20230628:rw registry.salsa.debian.org/reproducible-builds/diffoscope --no-progress tmp/flytekitplugins-spark-1.7.1b0.tar.gz tmp/flytekitplugins-spark-1.7.1b1.tar.gz --markdown 20230628/f/flytekitplugins-spark/1.7.1b0-1.7.1b1/diff.md --exclude *.pyd
[2023-06-28 00:02:44] INFO root fetch - processPackages [flytekitplugins-sqlalchemy]: executing diffoscope
[2023-06-28 00:02:44] INFO root fetch - processPackages [flytekitplugins-sqlalchemy]: podman run --user 0:0 --rm -w /home/abi/fetcher -v /home/abi/fetcher/tmp:/home/abi/fetcher/tmp:ro -v /home/abi/fetcher/20230628:/home/abi/fetcher/20230628:rw registry.salsa.debian.org/reproducible-builds/diffoscope --no-progress tmp/flytekitplugins-sqlalchemy-1.7.1b0.tar.gz tmp/flytekitplugins-sqlalchemy-1.7.1b1.tar.gz --markdown 20230628/f/flytekitplugins-sqlalchemy/1.7.1b0-1.7.1b1/diff.md --exclude *.pyd
[2023-06-28 00:02:44] INFO root fetch - processPackages [flytekitplugins-ray]: Remove: archive file [/home/abi/fetcher/tmp/flytekitplugins-ray-1.7.1b0.tar.gz]
[2023-06-28 00:02:44] INFO root fetch - processPackages [flytekitplugins-ray]: Remove: archive file [/home/abi/fetcher/tmp/flytekitplugins-ray-1.7.1b1.tar.gz]
[2023-06-28 00:02:44] INFO root fetch - main [MainThread]: End processing [flytekitplugins-ray]: success
[2023-06-28 00:02:44] INFO root fetch - processPackages [flytekitplugins-whylogs]: New version: [1.7.1b1] Old Version: [1.7.1b0]
[2023-06-28 00:02:44] INFO root fetch - processPackages [flytekitplugins-papermill]: Remove: archive file [/home/abi/fetcher/tmp/flytekitplugins-papermill-1.7.1b0.tar.gz]
[2023-06-28 00:02:44] INFO root fetch - processPackages [flytekitplugins-papermill]: Remove: archive file [/home/abi/fetcher/tmp/flytekitplugins-papermill-1.7.1b1.tar.gz]
[2023-06-28 00:02:44] INFO root fetch - main [MainThread]: End processing [flytekitplugins-papermill]: success
[2023-06-28 00:02:44] INFO root fetch - processPackages [flytekitplugins-vaex]: Downloading https://files.pythonhosted.org/packages/e5/51/80470d0980e602b4b0b1e61a7bc11b33f0859b5f1e08a92781df8783b0a0/flytekitplugins-vaex-1.7.1b1.tar.gz
[2023-06-28 00:02:44] INFO root fetch - processPackages [flytekitplugins-whylogs]: Downloading https://files.pythonhosted.org/packages/29/ee/a3d9a2e267191378a08929c00bd67a6cf1f61772d9a9e713960d490c6070/flytekitplugins-whylogs-1.7.1b0.tar.gz
[2023-06-28 00:02:44] INFO root fetch - processPackages [flytekitplugins-polars]: Remove: archive file [/home/abi/fetcher/tmp/flytekitplugins-polars-1.7.1b0.tar.gz]
[2023-06-28 00:02:44] INFO root fetch - processPackages [flytekitplugins-polars]: Remove: archive file [/home/abi/fetcher/tmp/flytekitplugins-polars-1.7.1b1.tar.gz]
[2023-06-28 00:02:44] INFO root fetch - main [MainThread]: End processing [flytekitplugins-polars]: success
[2023-06-28 00:02:44] INFO root fetch - processPackages [flytekitplugins-snowflake]: Remove: archive file [/home/abi/fetcher/tmp/flytekitplugins-snowflake-1.7.1b0.tar.gz]
[2023-06-28 00:02:44] INFO root fetch - processPackages [flytekitplugins-snowflake]: Remove: archive file [/home/abi/fetcher/tmp/flytekitplugins-snowflake-1.7.1b1.tar.gz]
[2023-06-28 00:02:44] INFO root fetch - main [MainThread]: End processing [flytekitplugins-snowflake]: success
[2023-06-28 00:02:44] INFO root fetch - processPackages [flytekitplugins-vaex]: executing diffoscope
[2023-06-28 00:02:44] INFO root fetch - processPackages [flytekitplugins-vaex]: podman run --user 0:0 --rm -w /home/abi/fetcher -v /home/abi/fetcher/tmp:/home/abi/fetcher/tmp:ro -v /home/abi/fetcher/20230628:/home/abi/fetcher/20230628:rw registry.salsa.debian.org/reproducible-builds/diffoscope --no-progress tmp/flytekitplugins-vaex-1.7.1b0.tar.gz tmp/flytekitplugins-vaex-1.7.1b1.tar.gz --markdown 20230628/f/flytekitplugins-vaex/1.7.1b0-1.7.1b1/diff.md --exclude *.pyd
[2023-06-28 00:02:44] INFO root fetch - processPackages [flytekitplugins-whylogs]: Downloading https://files.pythonhosted.org/packages/17/02/b34928e603be2807207c4a608a41f97d75923968de172312c7867f18dfec/flytekitplugins-whylogs-1.7.1b1.tar.gz
[2023-06-28 00:02:45] INFO root fetch - processPackages [flytekitplugins-whylogs]: executing diffoscope
[2023-06-28 00:02:45] INFO root fetch - processPackages [flytekitplugins-whylogs]: podman run --user 0:0 --rm -w /home/abi/fetcher -v /home/abi/fetcher/tmp:/home/abi/fetcher/tmp:ro -v /home/abi/fetcher/20230628:/home/abi/fetcher/20230628:rw registry.salsa.debian.org/reproducible-builds/diffoscope --no-progress tmp/flytekitplugins-whylogs-1.7.1b0.tar.gz tmp/flytekitplugins-whylogs-1.7.1b1.tar.gz --markdown 20230628/f/flytekitplugins-whylogs/1.7.1b0-1.7.1b1/diff.md --exclude *.pyd
[2023-06-28 00:02:45] INFO root fetch - processPackages [few-shot-priming]: Remove: archive file [/home/abi/fetcher/tmp/few_shot_priming-0.0.96-py3-none-any.whl.zip]
[2023-06-28 00:02:45] INFO root fetch - processPackages [few-shot-priming]: Remove: archive file [/home/abi/fetcher/tmp/few_shot_priming-0.0.99-py3-none-any.whl.zip]
[2023-06-28 00:02:45] INFO root fetch - main [MainThread]: End processing [few-shot-priming]: success
[2023-06-28 00:02:45] INFO root fetch - processPackages [flytekitplugins-spark]: Remove: archive file [/home/abi/fetcher/tmp/flytekitplugins-spark-1.7.1b0.tar.gz]
[2023-06-28 00:02:45] INFO root fetch - processPackages [flytekitplugins-spark]: Remove: archive file [/home/abi/fetcher/tmp/flytekitplugins-spark-1.7.1b1.tar.gz]
[2023-06-28 00:02:45] INFO root fetch - main [MainThread]: End processing [flytekitplugins-spark]: success
[2023-06-28 00:02:46] INFO root fetch - processPackages [flytekitplugins-sqlalchemy]: Remove: archive file [/home/abi/fetcher/tmp/flytekitplugins-sqlalchemy-1.7.1b0.tar.gz]
[2023-06-28 00:02:46] INFO root fetch - processPackages [flytekitplugins-sqlalchemy]: Remove: archive file [/home/abi/fetcher/tmp/flytekitplugins-sqlalchemy-1.7.1b1.tar.gz]
[2023-06-28 00:02:46] INFO root fetch - main [MainThread]: End processing [flytekitplugins-sqlalchemy]: success
[2023-06-28 00:02:46] INFO root fetch - processPackages [flytekitplugins-vaex]: Remove: archive file [/home/abi/fetcher/tmp/flytekitplugins-vaex-1.7.1b0.tar.gz]
[2023-06-28 00:02:46] INFO root fetch - processPackages [flytekitplugins-vaex]: Remove: archive file [/home/abi/fetcher/tmp/flytekitplugins-vaex-1.7.1b1.tar.gz]
[2023-06-28 00:02:46] INFO root fetch - main [MainThread]: End processing [flytekitplugins-vaex]: success
[2023-06-28 00:02:46] INFO root fetch - processPackages [flytekitplugins-whylogs]: Remove: archive file [/home/abi/fetcher/tmp/flytekitplugins-whylogs-1.7.1b0.tar.gz]
[2023-06-28 00:02:46] INFO root fetch - processPackages [flytekitplugins-whylogs]: Remove: archive file [/home/abi/fetcher/tmp/flytekitplugins-whylogs-1.7.1b1.tar.gz]
[2023-06-28 00:02:46] INFO root fetch - main [MainThread]: End processing [flytekitplugins-whylogs]: success
[2023-06-28 00:02:56] INFO root fetch - processPackages [chia-blockchain]: Remove: archive file [/home/abi/fetcher/tmp/chia-blockchain-2.0.0b1.tar.gz]
[2023-06-28 00:02:56] INFO root fetch - processPackages [chia-blockchain]: Remove: archive file [/home/abi/fetcher/tmp/chia-blockchain-2.0.0b3.tar.gz]
[2023-06-28 00:02:56] INFO root fetch - main [MainThread]: End processing [chia-blockchain]: success
[2023-06-28 00:02:56] INFO root fetch - main [MainThread]: Store serial: [18669461]
